<?xml version="1.0" encoding="UTF-8"?>
<!-- Generated by org.testng.reporters.JUnitReportReporter -->
<testsuite hostname="DESKTOP-GLSGVMC" failures="0" tests="3" name="testClasses.VerifyUserCanAddNewAddress" time="16.197" errors="0" timestamp="2022-10-14T12:31:19 IST" skipped="0">
  <testcase classname="testClasses.VerifyUserCanAddNewAddress" name="verifyUserCanOpenProfilePage" time="11.188"/>
  <system-out/>
  <testcase classname="testClasses.VerifyUserCanAddNewAddress" name="addNewAddress" time="2.718"/>
  <system-out/>
  <testcase classname="testClasses.VerifyUserCanAddNewAddress" name="addNewAddress" time="2.291"/>
  <system-out/>
</testsuite> <!-- testClasses.VerifyUserCanAddNewAddress -->
