<?xml version="1.0" encoding="UTF-8"?>
<!-- Generated by org.testng.reporters.JUnitReportReporter -->
<testsuite hostname="DESKTOP-GLSGVMC" failures="0" tests="2" name="testClasses.verifyUserCanGetLowestPriceProduct" time="16.009" errors="0" timestamp="2022-10-14T12:31:19 IST" skipped="0">
  <testcase classname="testClasses.verifyUserCanGetLowestPriceProduct" name="verifyUserCanSearchProduct" time="6.433"/>
  <system-out/>
  <testcase classname="testClasses.verifyUserCanGetLowestPriceProduct" name="verifyUserCanGetLowestProductOnEachPage" time="9.576"/>
  <system-out/>
</testsuite> <!-- testClasses.verifyUserCanGetLowestPriceProduct -->
